# JRE version: Java(TM) SE Runtime Environment (7.0_75-b13) (build 1.7.0_75-b13)
# Java VM: Java HotSpot(TM) 64-Bit Server VM (24.75-b04 mixed mode linux-amd64 compressed oops)
Heap
 PSYoungGen      total 214016K, used 213224K [0x00000000eaa80000, 0x00000000fb500000, 0x0000000100000000)
  eden space 190976K, 100% used [0x00000000eaa80000,0x00000000f6500000,0x00000000f6500000)
  from space 23040K, 96% used [0x00000000f9e80000,0x00000000fb43a3c0,0x00000000fb500000)
  to   space 40960K, 41% used [0x00000000f6500000,0x00000000f75ae7c0,0x00000000f8d00000)
 ParOldGen       total 278016K, used 116826K [0x00000000c0000000, 0x00000000d0f80000, 0x00000000eaa80000)
  object space 278016K, 42% used [0x00000000c0000000,0x00000000c7216a28,0x00000000d0f80000)
 PSPermGen       total 147968K, used 118233K [0x00000000b0000000, 0x00000000b9080000, 0x00000000c0000000)
  object space 147968K, 79% used [0x00000000b0000000,0x00000000b7376678,0x00000000b9080000)
GC Heap History (10 events):
Event: 6553.966 GC heap after
Heap after GC invocations=58 (full 13):
 PSYoungGen      total 240640K, used 14390K [0x00000000eaa80000, 0x00000000fcd80000, 0x0000000100000000)
  eden space 204288K, 0% used [0x00000000eaa80000,0x00000000eaa80000,0x00000000f7200000)
  from space 36352K, 39% used [0x00000000f7200000,0x00000000f800d960,0x00000000f9580000)
  to   space 34816K, 0% used [0x00000000fab80000,0x00000000fab80000,0x00000000fcd80000)
 ParOldGen       total 278016K, used 146610K [0x00000000c0000000, 0x00000000d0f80000, 0x00000000eaa80000)
  object space 278016K, 52% used [0x00000000c0000000,0x00000000c8f2caa0,0x00000000d0f80000)
 PSPermGen       total 156160K, used 133701K [0x00000000b0000000, 0x00000000b9880000, 0x00000000c0000000)
  object space 156160K, 85% used [0x00000000b0000000,0x00000000b8291710,0x00000000b9880000)
}
Event: 6860.195 GC heap before
{Heap before GC invocations=59 (full 13):
 PSYoungGen      total 240640K, used 218678K [0x00000000eaa80000, 0x00000000fcd80000, 0x0000000100000000)
  eden space 204288K, 100% used [0x00000000eaa80000,0x00000000f7200000,0x00000000f7200000)
  from space 36352K, 39% used [0x00000000f7200000,0x00000000f800d960,0x00000000f9580000)
  to   space 34816K, 0% used [0x00000000fab80000,0x00000000fab80000,0x00000000fcd80000)
 ParOldGen       total 278016K, used 146610K [0x00000000c0000000, 0x00000000d0f80000, 0x00000000eaa80000)
  object space 278016K, 52% used [0x00000000c0000000,0x00000000c8f2caa0,0x00000000d0f80000)
 PSPermGen       total 156160K, used 143112K [0x00000000b0000000, 0x00000000b9880000, 0x00000000c0000000)
  object space 156160K, 91% used [0x00000000b0000000,0x00000000b8bc2128,0x00000000b9880000)
Event: 6860.219 GC heap after
Heap after GC invocations=59 (full 13):
 PSYoungGen      total 229888K, used 31874K [0x00000000eaa80000, 0x00000000fcb00000, 0x0000000100000000)
  eden space 197632K, 0% used [0x00000000eaa80000,0x00000000eaa80000,0x00000000f6b80000)
  from space 32256K, 98% used [0x00000000fab80000,0x00000000fcaa08d0,0x00000000fcb00000)
  to   space 38912K, 0% used [0x00000000f7f00000,0x00000000f7f00000,0x00000000fa500000)
 ParOldGen       total 278016K, used 146618K [0x00000000c0000000, 0x00000000d0f80000, 0x00000000eaa80000)
  object space 278016K, 52% used [0x00000000c0000000,0x00000000c8f2eaa0,0x00000000d0f80000)
 PSPermGen       total 156160K, used 143112K [0x00000000b0000000, 0x00000000b9880000, 0x00000000c0000000)
  object space 156160K, 91% used [0x00000000b0000000,0x00000000b8bc2128,0x00000000b9880000)
}
Event: 6861.880 GC heap before
{Heap before GC invocations=60 (full 13):
 PSYoungGen      total 229888K, used 221299K [0x00000000eaa80000, 0x00000000fcb00000, 0x0000000100000000)
  eden space 197632K, 95% used [0x00000000eaa80000,0x00000000f637c6e8,0x00000000f6b80000)
  from space 32256K, 98% used [0x00000000fab80000,0x00000000fcaa08d0,0x00000000fcb00000)
  to   space 38912K, 0% used [0x00000000f7f00000,0x00000000f7f00000,0x00000000fa500000)
 ParOldGen       total 278016K, used 146618K [0x00000000c0000000, 0x00000000d0f80000, 0x00000000eaa80000)
  object space 278016K, 52% used [0x00000000c0000000,0x00000000c8f2eaa0,0x00000000d0f80000)
 PSPermGen       total 156160K, used 149772K [0x00000000b0000000, 0x00000000b9880000, 0x00000000c0000000)
  object space 156160K, 95% used [0x00000000b0000000,0x00000000b9243068,0x00000000b9880000)
Event: 6861.898 GC heap after
Heap after GC invocations=60 (full 13):
 PSYoungGen      total 229888K, used 32185K [0x00000000eaa80000, 0x00000000fbd80000, 0x0000000100000000)
  eden space 197632K, 0% used [0x00000000eaa80000,0x00000000eaa80000,0x00000000f6b80000)
  from space 32256K, 99% used [0x00000000f7f00000,0x00000000f9e6e550,0x00000000f9e80000)
  to   space 31744K, 0% used [0x00000000f9e80000,0x00000000f9e80000,0x00000000fbd80000)
 ParOldGen       total 278016K, used 146618K [0x00000000c0000000, 0x00000000d0f80000, 0x00000000eaa80000)
  object space 278016K, 52% used [0x00000000c0000000,0x00000000c8f2eaa0,0x00000000d0f80000)
 PSPermGen       total 156160K, used 149772K [0x00000000b0000000, 0x00000000b9880000, 0x00000000c0000000)
  object space 156160K, 95% used [0x00000000b0000000,0x00000000b9243068,0x00000000b9880000)
}
Event: 6861.898 GC heap before
{Heap before GC invocations=61 (full 14):
 PSYoungGen      total 229888K, used 32185K [0x00000000eaa80000, 0x00000000fbd80000, 0x0000000100000000)
  eden space 197632K, 0% used [0x00000000eaa80000,0x00000000eaa80000,0x00000000f6b80000)
  from space 32256K, 99% used [0x00000000f7f00000,0x00000000f9e6e550,0x00000000f9e80000)
  to   space 31744K, 0% used [0x00000000f9e80000,0x00000000f9e80000,0x00000000fbd80000)
 ParOldGen       total 278016K, used 146618K [0x00000000c0000000, 0x00000000d0f80000, 0x00000000eaa80000)
  object space 278016K, 52% used [0x00000000c0000000,0x00000000c8f2eaa0,0x00000000d0f80000)
 PSPermGen       total 156160K, used 149772K [0x00000000b0000000, 0x00000000b9880000, 0x00000000c0000000)
  object space 156160K, 95% used [0x00000000b0000000,0x00000000b9243068,0x00000000b9880000)
Event: 6862.397 GC heap after
Heap after GC invocations=61 (full 14):
 PSYoungGen      total 229888K, used 0K [0x00000000eaa80000, 0x00000000fbd80000, 0x0000000100000000)
  eden space 197632K, 0% used [0x00000000eaa80000,0x00000000eaa80000,0x00000000f6b80000)
  from space 32256K, 0% used [0x00000000f7f00000,0x00000000f7f00000,0x00000000f9e80000)
  to   space 31744K, 0% used [0x00000000f9e80000,0x00000000f9e80000,0x00000000fbd80000)
 ParOldGen       total 278016K, used 116810K [0x00000000c0000000, 0x00000000d0f80000, 0x00000000eaa80000)
  object space 278016K, 42% used [0x00000000c0000000,0x00000000c7212a28,0x00000000d0f80000)
 PSPermGen       total 147968K, used 103441K [0x00000000b0000000, 0x00000000b9080000, 0x00000000c0000000)
  object space 147968K, 69% used [0x00000000b0000000,0x00000000b6504748,0x00000000b9080000)
}
Event: 7225.800 GC heap before
{Heap before GC invocations=62 (full 14):
 PSYoungGen      total 229888K, used 197632K [0x00000000eaa80000, 0x00000000fbd80000, 0x0000000100000000)
  eden space 197632K, 100% used [0x00000000eaa80000,0x00000000f6b80000,0x00000000f6b80000)
  from space 32256K, 0% used [0x00000000f7f00000,0x00000000f7f00000,0x00000000f9e80000)
  to   space 31744K, 0% used [0x00000000f9e80000,0x00000000f9e80000,0x00000000fbd80000)
 ParOldGen       total 278016K, used 116810K [0x00000000c0000000, 0x00000000d0f80000, 0x00000000eaa80000)
  object space 278016K, 42% used [0x00000000c0000000,0x00000000c7212a28,0x00000000d0f80000)
 PSPermGen       total 147968K, used 110213K [0x00000000b0000000, 0x00000000b9080000, 0x00000000c0000000)
  object space 147968K, 74% used [0x00000000b0000000,0x00000000b6ba16e8,0x00000000b9080000)
Event: 7225.815 GC heap after
Heap after GC invocations=62 (full 14):
 PSYoungGen      total 214016K, used 22248K [0x00000000eaa80000, 0x00000000fb500000, 0x0000000100000000)
  eden space 190976K, 0% used [0x00000000eaa80000,0x00000000eaa80000,0x00000000f6500000)
  from space 23040K, 96% used [0x00000000f9e80000,0x00000000fb43a3c0,0x00000000fb500000)
  to   space 40960K, 0% used [0x00000000f6500000,0x00000000f6500000,0x00000000f8d00000)
 ParOldGen       total 278016K, used 116818K [0x00000000c0000000, 0x00000000d0f80000, 0x00000000eaa80000)
  object space 278016K, 42% used [0x00000000c0000000,0x00000000c7214a28,0x00000000d0f80000)
 PSPermGen       total 147968K, used 110213K [0x00000000b0000000, 0x00000000b9080000, 0x00000000c0000000)
  object space 147968K, 74% used [0x00000000b0000000,0x00000000b6ba16e8,0x00000000b9080000)
}
Event: 7241.173 GC heap before
{Heap before GC invocations=63 (full 14):
 PSYoungGen      total 214016K, used 213224K [0x00000000eaa80000, 0x00000000fb500000, 0x0000000100000000)
  eden space 190976K, 100% used [0x00000000eaa80000,0x00000000f6500000,0x00000000f6500000)
  from space 23040K, 96% used [0x00000000f9e80000,0x00000000fb43a3c0,0x00000000fb500000)
  to   space 40960K, 0% used [0x00000000f6500000,0x00000000f6500000,0x00000000f8d00000)
 ParOldGen       total 278016K, used 116818K [0x00000000c0000000, 0x00000000d0f80000, 0x00000000eaa80000)
  object space 278016K, 42% used [0x00000000c0000000,0x00000000c7214a28,0x00000000d0f80000)
 PSPermGen       total 147968K, used 118233K [0x00000000b0000000, 0x00000000b9080000, 0x00000000c0000000)
  object space 147968K, 79% used [0x00000000b0000000,0x00000000b7376678,0x00000000b9080000)

