# JRE version: Java(TM) SE Runtime Environment (7.0_75-b13) (build 1.7.0_75-b13)
# Java VM: Java HotSpot(TM) 64-Bit Server VM (24.75-b04 mixed mode linux-amd64 compressed oops)
Heap
 PSYoungGen      total 233472K, used 153123K [0x00000000eaa80000, 0x00000000fc480000, 0x0000000100000000)
  eden space 215040K, 71% used [0x00000000eaa80000,0x00000000f4008dd0,0x00000000f7c80000)
  from space 18432K, 0% used [0x00000000f7c80000,0x00000000f7c80000,0x00000000f8e80000)
  to   space 36864K, 0% used [0x00000000fa080000,0x00000000fa080000,0x00000000fc480000)
 ParOldGen       total 169984K, used 131218K [0x00000000c0000000, 0x00000000ca600000, 0x00000000eaa80000)
  object space 169984K, 77% used [0x00000000c0000000,0x00000000c8024af8,0x00000000ca600000)
 PSPermGen       total 143360K, used 119799K [0x00000000b0000000, 0x00000000b8c00000, 0x00000000c0000000)
  object space 143360K, 83% used [0x00000000b0000000,0x00000000b74fdcf0,0x00000000b8c00000)
GC Heap History (10 events):
Event: 6951.000 GC heap before
{Heap before GC invocations=23 (full 6):
 PSYoungGen      total 253952K, used 182902K [0x00000000eaa80000, 0x00000000fd580000, 0x0000000100000000)
  eden space 223232K, 72% used [0x00000000eaa80000,0x00000000f4912f20,0x00000000f8480000)
  from space 30720K, 66% used [0x00000000fb780000,0x00000000fcb8aa20,0x00000000fd580000)
  to   space 41472K, 0% used [0x00000000f8480000,0x00000000f8480000,0x00000000fad00000)
 ParOldGen       total 169984K, used 105100K [0x00000000c0000000, 0x00000000ca600000, 0x00000000eaa80000)
  object space 169984K, 61% used [0x00000000c0000000,0x00000000c66a3300,0x00000000ca600000)
 PSPermGen       total 121856K, used 102501K [0x00000000b0000000, 0x00000000b7700000, 0x00000000c0000000)
  object space 121856K, 84% used [0x00000000b0000000,0x00000000b6419540,0x00000000b7700000)
Event: 6951.019 GC heap after
Heap after GC invocations=23 (full 6):
 PSYoungGen      total 240640K, used 17237K [0x00000000eaa80000, 0x00000000fd280000, 0x0000000100000000)
  eden space 223232K, 0% used [0x00000000eaa80000,0x00000000eaa80000,0x00000000f8480000)
  from space 17408K, 99% used [0x00000000f8480000,0x00000000f9555438,0x00000000f9580000)
  to   space 39936K, 0% used [0x00000000fab80000,0x00000000fab80000,0x00000000fd280000)
 ParOldGen       total 169984K, used 119648K [0x00000000c0000000, 0x00000000ca600000, 0x00000000eaa80000)
  object space 169984K, 70% used [0x00000000c0000000,0x00000000c74d8168,0x00000000ca600000)
 PSPermGen       total 121856K, used 102501K [0x00000000b0000000, 0x00000000b7700000, 0x00000000c0000000)
  object space 121856K, 84% used [0x00000000b0000000,0x00000000b6419540,0x00000000b7700000)
}
Event: 6951.019 GC heap before
{Heap before GC invocations=24 (full 7):
 PSYoungGen      total 240640K, used 17237K [0x00000000eaa80000, 0x00000000fd280000, 0x0000000100000000)
  eden space 223232K, 0% used [0x00000000eaa80000,0x00000000eaa80000,0x00000000f8480000)
  from space 17408K, 99% used [0x00000000f8480000,0x00000000f9555438,0x00000000f9580000)
  to   space 39936K, 0% used [0x00000000fab80000,0x00000000fab80000,0x00000000fd280000)
 ParOldGen       total 169984K, used 119648K [0x00000000c0000000, 0x00000000ca600000, 0x00000000eaa80000)
  object space 169984K, 70% used [0x00000000c0000000,0x00000000c74d8168,0x00000000ca600000)
 PSPermGen       total 121856K, used 102501K [0x00000000b0000000, 0x00000000b7700000, 0x00000000c0000000)
  object space 121856K, 84% used [0x00000000b0000000,0x00000000b6419540,0x00000000b7700000)
Event: 6951.338 GC heap after
Heap after GC invocations=24 (full 7):
 PSYoungGen      total 240640K, used 0K [0x00000000eaa80000, 0x00000000fd280000, 0x0000000100000000)
  eden space 223232K, 0% used [0x00000000eaa80000,0x00000000eaa80000,0x00000000f8480000)
  from space 17408K, 0% used [0x00000000f8480000,0x00000000f8480000,0x00000000f9580000)
  to   space 39936K, 0% used [0x00000000fab80000,0x00000000fab80000,0x00000000fd280000)
 ParOldGen       total 169984K, used 105413K [0x00000000c0000000, 0x00000000ca600000, 0x00000000eaa80000)
  object space 169984K, 62% used [0x00000000c0000000,0x00000000c66f1588,0x00000000ca600000)
 PSPermGen       total 132096K, used 101569K [0x00000000b0000000, 0x00000000b8100000, 0x00000000c0000000)
  object space 132096K, 76% used [0x00000000b0000000,0x00000000b6330430,0x00000000b8100000)
}
Event: 7193.948 GC heap before
{Heap before GC invocations=25 (full 7):
 PSYoungGen      total 240640K, used 223232K [0x00000000eaa80000, 0x00000000fd280000, 0x0000000100000000)
  eden space 223232K, 100% used [0x00000000eaa80000,0x00000000f8480000,0x00000000f8480000)
  from space 17408K, 0% used [0x00000000f8480000,0x00000000f8480000,0x00000000f9580000)
  to   space 39936K, 0% used [0x00000000fab80000,0x00000000fab80000,0x00000000fd280000)
 ParOldGen       total 169984K, used 105413K [0x00000000c0000000, 0x00000000ca600000, 0x00000000eaa80000)
  object space 169984K, 62% used [0x00000000c0000000,0x00000000c66f1588,0x00000000ca600000)
 PSPermGen       total 132096K, used 108249K [0x00000000b0000000, 0x00000000b8100000, 0x00000000c0000000)
  object space 132096K, 81% used [0x00000000b0000000,0x00000000b69b66c0,0x00000000b8100000)
Event: 7193.959 GC heap after
Heap after GC invocations=25 (full 7):
 PSYoungGen      total 243712K, used 19682K [0x00000000eaa80000, 0x00000000fc780000, 0x0000000100000000)
  eden space 215040K, 0% used [0x00000000eaa80000,0x00000000eaa80000,0x00000000f7c80000)
  from space 28672K, 68% used [0x00000000fab80000,0x00000000fbeb8ab8,0x00000000fc780000)
  to   space 38400K, 0% used [0x00000000f7c80000,0x00000000f7c80000,0x00000000fa200000)
 ParOldGen       total 169984K, used 105413K [0x00000000c0000000, 0x00000000ca600000, 0x00000000eaa80000)
  object space 169984K, 62% used [0x00000000c0000000,0x00000000c66f1588,0x00000000ca600000)
 PSPermGen       total 132096K, used 108249K [0x00000000b0000000, 0x00000000b8100000, 0x00000000c0000000)
  object space 132096K, 81% used [0x00000000b0000000,0x00000000b69b66c0,0x00000000b8100000)
}
Event: 7194.775 GC heap before
{Heap before GC invocations=26 (full 7):
 PSYoungGen      total 243712K, used 189945K [0x00000000eaa80000, 0x00000000fc780000, 0x0000000100000000)
  eden space 215040K, 79% used [0x00000000eaa80000,0x00000000f50c5a78,0x00000000f7c80000)
  from space 28672K, 68% used [0x00000000fab80000,0x00000000fbeb8ab8,0x00000000fc780000)
  to   space 38400K, 0% used [0x00000000f7c80000,0x00000000f7c80000,0x00000000fa200000)
 ParOldGen       total 169984K, used 105413K [0x00000000c0000000, 0x00000000ca600000, 0x00000000eaa80000)
  object space 169984K, 62% used [0x00000000c0000000,0x00000000c66f1588,0x00000000ca600000)
 PSPermGen       total 132096K, used 114894K [0x00000000b0000000, 0x00000000b8100000, 0x00000000c0000000)
  object space 132096K, 86% used [0x00000000b0000000,0x00000000b70338c8,0x00000000b8100000)
Event: 7194.791 GC heap after
Heap after GC invocations=26 (full 7):
 PSYoungGen      total 233472K, used 17941K [0x00000000eaa80000, 0x00000000fc480000, 0x0000000100000000)
  eden space 215040K, 0% used [0x00000000eaa80000,0x00000000eaa80000,0x00000000f7c80000)
  from space 18432K, 97% used [0x00000000f7c80000,0x00000000f8e05598,0x00000000f8e80000)
  to   space 36864K, 0% used [0x00000000fa080000,0x00000000fa080000,0x00000000fc480000)
 ParOldGen       total 169984K, used 119501K [0x00000000c0000000, 0x00000000ca600000, 0x00000000eaa80000)
  object space 169984K, 70% used [0x00000000c0000000,0x00000000c74b3598,0x00000000ca600000)
 PSPermGen       total 132096K, used 114894K [0x00000000b0000000, 0x00000000b8100000, 0x00000000c0000000)
  object space 132096K, 86% used [0x00000000b0000000,0x00000000b70338c8,0x00000000b8100000)
}
Event: 7194.791 GC heap before
{Heap before GC invocations=27 (full 8):
 PSYoungGen      total 233472K, used 17941K [0x00000000eaa80000, 0x00000000fc480000, 0x0000000100000000)
  eden space 215040K, 0% used [0x00000000eaa80000,0x00000000eaa80000,0x00000000f7c80000)
  from space 18432K, 97% used [0x00000000f7c80000,0x00000000f8e05598,0x00000000f8e80000)
  to   space 36864K, 0% used [0x00000000fa080000,0x00000000fa080000,0x00000000fc480000)
 ParOldGen       total 169984K, used 119501K [0x00000000c0000000, 0x00000000ca600000, 0x00000000eaa80000)
  object space 169984K, 70% used [0x00000000c0000000,0x00000000c74b3598,0x00000000ca600000)
 PSPermGen       total 132096K, used 114894K [0x00000000b0000000, 0x00000000b8100000, 0x00000000c0000000)
  object space 132096K, 86% used [0x00000000b0000000,0x00000000b70338c8,0x00000000b8100000)
Event: 7195.322 GC heap after
Heap after GC invocations=27 (full 8):
 PSYoungGen      total 233472K, used 0K [0x00000000eaa80000, 0x00000000fc480000, 0x0000000100000000)
  eden space 215040K, 0% used [0x00000000eaa80000,0x00000000eaa80000,0x00000000f7c80000)
  from space 18432K, 0% used [0x00000000f7c80000,0x00000000f7c80000,0x00000000f8e80000)
  to   space 36864K, 0% used [0x00000000fa080000,0x00000000fa080000,0x00000000fc480000)
 ParOldGen       total 169984K, used 131218K [0x00000000c0000000, 0x00000000ca600000, 0x00000000eaa80000)
  object space 169984K, 77% used [0x00000000c0000000,0x00000000c8024af8,0x00000000ca600000)
 PSPermGen       total 143360K, used 114816K [0x00000000b0000000, 0x00000000b8c00000, 0x00000000c0000000)
  object space 143360K, 80% used [0x00000000b0000000,0x00000000b7020338,0x00000000b8c00000)
}

